{"name": "test_message_disappeared_after_adding_product_to_basket", "status": "skipped", "statusDetails": {"message": "XFAIL\n\nAssertionError: Success message is presented, but should disappear", "trace": "browser = <selenium.webdriver.chrome.webdriver.WebDriver (session=\"94f4fa719a79d5edb5e6338a5ad31712\")>\n\n    @pytest.mark.xfail()\n    def test_message_disappeared_after_adding_product_to_basket(browser):\n        link = 'http://selenium1py.pythonanywhere.com/catalogue/coders-at-work_207'\n        page = ProductPage(browser, link)\n        page.open()\n        page.add_product_to_basket()\n>       page.should_disappear_success_product_name()\n\nmodule_5\\test_product_page.py:45: \n_ _ _ _ _ _ _ _ _ _ _ _ _ _ _ _ _ _ _ _ _ _ _ _ _ _ _ _ _ _ _ _ _ _ _ _ _ _ _ _\n\nself = <module_5.pages.product_page.ProductPage object at 0x00000000046D4640>\n\n    def should_disappear_success_product_name(self):\n>       assert self.is_disappeared(*ProductPageLocators.SUCCESS_PRODUCT_NAME), \\\n            \"Success message is presented, but should disappear\"\nE       AssertionError: Success message is presented, but should disappear\n\nmodule_5\\pages\\product_page.py:47: AssertionError"}, "start": 1625323781593, "stop": 1625323787708, "uuid": "13c0495d-15af-4b7f-8aef-27193a6e9dfe", "historyId": "b94ec99bebafd145459c776d5ea653e8", "testCaseId": "cea2ed92d072a6a1ef8888563faab4c6", "fullName": "module_5.test_product_page#test_message_disappeared_after_adding_product_to_basket", "labels": [{"name": "tag", "value": "@pytest.mark.xfail"}, {"name": "parentSuite", "value": "module_5"}, {"name": "suite", "value": "test_product_page"}, {"name": "host", "value": "homeitx"}, {"name": "thread", "value": "12972-MainThread"}, {"name": "framework", "value": "pytest"}, {"name": "language", "value": "cpython3"}, {"name": "package", "value": "module_5.test_product_page"}]}