{"name": "test_guest_cant_see_success_message_after_adding_product_to_basket", "status": "skipped", "statusDetails": {"message": "XFAIL\n\nAssertionError: Success message is presented, but should not be", "trace": "browser = <selenium.webdriver.chrome.webdriver.WebDriver (session=\"aed58696d49ff5413460a6aecd68ea7d\")>\n\n    @pytest.mark.xfail()\n    def test_guest_cant_see_success_message_after_adding_product_to_basket(browser):\n        link = 'http://selenium1py.pythonanywhere.com/catalogue/coders-at-work_207'\n        page = ProductPage(browser, link)\n        page.open()\n        page.add_product_to_basket()\n>       page.should_not_be_success_product_name()\n\nmodule_5\\test_product_page.py:36: \n_ _ _ _ _ _ _ _ _ _ _ _ _ _ _ _ _ _ _ _ _ _ _ _ _ _ _ _ _ _ _ _ _ _ _ _ _ _ _ _\n\nself = <module_5.pages.product_page.ProductPage object at 0x00000000046C62B0>\n\n    def should_not_be_success_product_name(self):\n>       assert self.is_not_element_present(*ProductPageLocators.SUCCESS_PRODUCT_NAME), \\\n            \"Success message is presented, but should not be\"\nE       AssertionError: Success message is presented, but should not be\n\nmodule_5\\pages\\product_page.py:43: AssertionError"}, "start": 1625323775620, "stop": 1625323777955, "uuid": "52dcf606-93c7-4b01-a033-441e4eb0ab45", "historyId": "b6ce6777caa265a74eacebed6863308f", "testCaseId": "2c5c564a5d1053de9a797213ab9ad74b", "fullName": "module_5.test_product_page#test_guest_cant_see_success_message_after_adding_product_to_basket", "labels": [{"name": "tag", "value": "@pytest.mark.xfail"}, {"name": "parentSuite", "value": "module_5"}, {"name": "suite", "value": "test_product_page"}, {"name": "host", "value": "homeitx"}, {"name": "thread", "value": "12972-MainThread"}, {"name": "framework", "value": "pytest"}, {"name": "language", "value": "cpython3"}, {"name": "package", "value": "module_5.test_product_page"}]}